Next, source the init script, depending on which shell you use:
bash: source $MNE_ROOT/bin/mne_setup_sh
tcsh: source $MNE_ROOT/bin/mne_setup

MNE software location set to:    /share/apps/mne/MNE-2.7.4-3506-Linux-x86_64
MATLAB software not available

/share/apps/mne/MNE-2.7.4-3506-Linux-x86_64/bin added to PATH
/share/apps/mne/MNE-2.7.4-3506-Linux-x86_64/lib added to LD_LIBRARY_PATH
/share/apps/mne/MNE-2.7.4-3506-Linux-x86_64/share/app-defaults/%N added to XUSERFILESEARCHPATH

Note: Remember to set SUBJECTS_DIR and SUBJECT environment variables correctly.
Note: FreeSurfer environment is needed to access tkmedit from mne_analyze.

sub-CC110033
usage: /share/apps/mne/MNE-2.7.4-3506-Linux-x86_64/bin/mne_watershed_bem [options]
srun: error: wsm140: task 0: Exited with exit code 1
srun: Terminating job step 34393077.0

     --overwrite             (to write over existing files)
     --subject subject       (defaults to SUBJECT environment variable)
     --volume  name          (defaults to T1)
     --atlas                 specify the --atlas option for mri_watershed
     --gcaatlas              use the subcortical atlas
     --preflood number       change the preflood height

Minimal invocation:

/share/apps/mne/MNE-2.7.4-3506-Linux-x86_64/bin/mne_watershed_bem                      (SUBJECT environment variable set)
/share/apps/mne/MNE-2.7.4-3506-Linux-x86_64/bin/mne_watershed_bem --subject subject    (define subject on the command line)

